<?xml version="1.0" encoding="UTF-8"?>
<!-- Generated by org.testng.reporters.JUnitXMLReporter -->
<testsuite hostname="Admins-MacBook-Pro.local" ignored="3" name="Default test" tests="1" failures="0" timestamp="2020-05-17T17:44:26 IST" time="196.829" errors="0">
  <testcase name="check_facebook_links" time="14.801" classname="com.palatable.ios.testcases.LaunchScreenTesting"/>
  <testcase name="check_signup_screens" time="0.0" classname="com.palatable.ios.testcases.LaunchScreenTesting">
    <ignored/>
  </testcase> <!-- check_signup_screens -->
  <testcase name="invalid_user_signin" time="0.0" classname="com.palatable.ios.testcases.LaunchScreenTesting">
    <ignored/>
  </testcase> <!-- invalid_user_signin -->
  <testcase name="get_started_check" time="0.0" classname="com.palatable.ios.testcases.LaunchScreenTesting">
    <ignored/>
  </testcase> <!-- get_started_check -->
</testsuite> <!-- Default test -->
