<?xml version="1.0" encoding="UTF-8"?>
<!-- Generated by org.testng.reporters.JUnitXMLReporter -->
<testsuite hostname="Admins-MacBook-Pro.local" ignored="3" name="Test" tests="1" failures="0" timestamp="2020-05-10T23:01:03 IST" time="145.506" errors="0">
  <testcase name="check_facebook_links" time="12.344" classname="com.palatable.ios.testcases.LaunchScreenTesting"/>
  <testcase name="check_signup_screens" time="0.0" classname="com.palatable.ios.testcases.LaunchScreenTesting">
    <ignored/>
  </testcase> <!-- check_signup_screens -->
  <testcase name="invalid_user_signin" time="0.0" classname="com.palatable.ios.testcases.LaunchScreenTesting">
    <ignored/>
  </testcase> <!-- invalid_user_signin -->
  <testcase name="get_started_check" time="0.0" classname="com.palatable.ios.testcases.LaunchScreenTesting">
    <ignored/>
  </testcase> <!-- get_started_check -->
</testsuite> <!-- Test -->
