<?xml version="1.0" encoding="UTF-8"?>
<testng-results ignored="3" total="4" passed="1" failed="0" skipped="0">
  <reporter-output>
  </reporter-output>
  <suite started-at="2020-05-22T02:00:58 IST" name="Palatable" finished-at="2020-05-22T02:04:08 IST" duration-ms="190023">
    <groups>
    </groups>
    <test started-at="2020-05-22T02:00:58 IST" name="LaunchTest" finished-at="2020-05-22T02:04:08 IST" duration-ms="190023">
      <class name="com.palatable.ios.testcases.LaunchScreenTesting">
        <test-method is-config="true" signature="setupAppium()[pri:0, instance:com.palatable.ios.testcases.LaunchScreenTesting@41ee392b]" started-at="2020-05-22T02:00:58 IST" name="setupAppium" finished-at="2020-05-22T02:02:58 IST" duration-ms="119526" status="PASS">
          <reporter-output>
          </reporter-output>
        </test-method> <!-- setupAppium -->
        <test-method signature="check_facebook_links()[pri:0, instance:com.palatable.ios.testcases.LaunchScreenTesting@41ee392b]" started-at="2020-05-22T02:02:58 IST" name="check_facebook_links" finished-at="2020-05-22T02:04:08 IST" duration-ms="70157" status="PASS">
          <reporter-output>
          </reporter-output>
        </test-method> <!-- check_facebook_links -->
        <test-method is-config="true" signature="uninstallApp()[pri:0, instance:com.palatable.ios.testcases.LaunchScreenTesting@41ee392b]" started-at="2020-05-22T02:04:08 IST" name="uninstallApp" finished-at="2020-05-22T02:04:08 IST" duration-ms="1" status="PASS">
          <reporter-output>
          </reporter-output>
        </test-method> <!-- uninstallApp -->
      </class> <!-- com.palatable.ios.testcases.LaunchScreenTesting -->
    </test> <!-- LaunchTest -->
  </suite> <!-- Palatable -->
</testng-results>
