<?xml version="1.0" encoding="UTF-8"?>
<testng-results skipped="0" failed="0" ignored="3" total="4" passed="1">
  <reporter-output>
  </reporter-output>
  <suite name="Palatable" duration-ms="155518" started-at="2020-05-17T17:51:34 IST" finished-at="2020-05-17T17:54:10 IST">
    <groups>
    </groups>
    <test name="LaunchTest" duration-ms="155518" started-at="2020-05-17T17:51:34 IST" finished-at="2020-05-17T17:54:10 IST">
      <class name="com.palatable.ios.testcases.LaunchScreenTesting">
        <test-method status="PASS" signature="setupAppium()[pri:0, instance:com.palatable.ios.testcases.LaunchScreenTesting@45820e51]" name="setupAppium" is-config="true" duration-ms="56832" started-at="2020-05-17T17:51:35 IST" finished-at="2020-05-17T17:52:31 IST">
          <reporter-output>
          </reporter-output>
        </test-method> <!-- setupAppium -->
        <test-method status="PASS" signature="check_facebook_links()[pri:0, instance:com.palatable.ios.testcases.LaunchScreenTesting@45820e51]" name="check_facebook_links" duration-ms="98411" started-at="2020-05-17T17:52:31 IST" finished-at="2020-05-17T17:54:10 IST">
          <reporter-output>
          </reporter-output>
        </test-method> <!-- check_facebook_links -->
        <test-method status="PASS" signature="uninstallApp()[pri:0, instance:com.palatable.ios.testcases.LaunchScreenTesting@45820e51]" name="uninstallApp" is-config="true" duration-ms="1" started-at="2020-05-17T17:54:10 IST" finished-at="2020-05-17T17:54:10 IST">
          <reporter-output>
          </reporter-output>
        </test-method> <!-- uninstallApp -->
      </class> <!-- com.palatable.ios.testcases.LaunchScreenTesting -->
    </test> <!-- LaunchTest -->
  </suite> <!-- Palatable -->
</testng-results>
