<?xml version="1.0" encoding="UTF-8"?>
<!-- Generated by org.testng.reporters.JUnitXMLReporter -->
<testsuite ignored="3" hostname="Admins-MacBook-Pro.local" failures="0" tests="1" name="LaunchTest" time="190.023" errors="0" timestamp="2020-05-22T02:04:13 IST">
  <testcase classname="com.palatable.ios.testcases.LaunchScreenTesting" name="check_facebook_links" time="70.157"/>
  <testcase classname="com.palatable.ios.testcases.LaunchScreenTesting" name="check_signup_screens" time="0.0">
    <ignored/>
  </testcase> <!-- check_signup_screens -->
  <testcase classname="com.palatable.ios.testcases.LaunchScreenTesting" name="invalid_user_signin" time="0.0">
    <ignored/>
  </testcase> <!-- invalid_user_signin -->
  <testcase classname="com.palatable.ios.testcases.LaunchScreenTesting" name="get_started_check" time="0.0">
    <ignored/>
  </testcase> <!-- get_started_check -->
</testsuite> <!-- LaunchTest -->
